
# SQL Query Optimization Report

## Objective

This report details the performance analysis and optimization of a complex SQL query that retrieves comprehensive booking data.

## Initial Query Analysis (`EXPLAIN ANALYZE`)

The initial query joins four tables (`Booking`, `User`, `Property`, `Payment`) to retrieve a full dataset for each booking. Without proper indexing, the database's query optimizer would likely resort to sequential scans and nested loop joins, leading to significant performance degradation on large datasets.

**Hypothetical `EXPLAIN ANALYZE` Output (Unoptimized):**

```
Sort  (cost=123.45..123.48 rows=12 width=156) (actual time=0.856..0.865 rows=10 loops=1)
    Sort Key: b.booking_id DESC
    ->  Hash Join  (cost=10.50..122.95 rows=12 width=156) (actual time=0.456..0.803 rows=10 loops=1)
        Hash Cond: (b.property_id = p.property_id)
        ->  Hash Join  (cost=6.50..118.95 rows=12 width=130) (actual time=0.345..0.701 rows=10 loops=1)
                Hash Cond: (b.booking_id = pmt.booking_id)
                ->  Hash Join  (cost=3.50..115.95 rows=12 width=110) (actual time=0.210..0.550 rows=10 loops=1)
                    Hash Cond: (b.user_id = u.user_id)
                    ->  Seq Scan on Booking b  (cost=0.00..10.00 rows=12 width=60) (actual time=0.010..0.050 rows=12 loops=1)
                    ->  Hash  (cost=3.00..3.00 rows=10 width=50) (actual time=0.100..0.100 rows=10 loops=1)
                            ->  Seq Scan on User u (cost=0.00..3.00 rows=10 width=50) (actual time=0.005..0.025 rows=10 loops=1)
                ->  Hash  (cost=3.00..3.00 rows=10 width=20) (actual time=0.100..0.100 rows=10 loops=1)
                    ->  Seq Scan on Payment pmt (cost=0.00..3.00 rows=10 width=20) (actual time=0.008..0.030 rows=10 loops=1)
        ->  Hash  (cost=3.00..3.00 rows=10 width=26) (actual time=0.100..0.100 rows=10 loops=1)
                ->  Seq Scan on Property p (cost=0.00..3.00 rows=10 width=26) (actual time=0.007..0.030 rows=10 loops=1)
Planning time: 0.200 ms
Execution time: 0.900 ms

```

**Key Inefficiencies Identified:**

- **Sequential Scans:** The `EXPLAIN ANALYZE` output shows `Seq Scan` on `Booking`, `User`, `Property`, and `Payment` tables. This means the database is reading every single row of each table to perform the joins, which is very inefficient.

- **High Cost:** The reported `cost` is high, indicating a resource-intensive operation.

## Refactored Query for Performance

The query itself is logically sound for retrieving the desired data. The primary performance bottleneck is not the query structure, but rather the absence of proper indexing. By adding indexes to the foreign key columns used in the `JOIN` clauses, the query optimizer can switch from slow sequential scans to fast index scans.

**Optimization Strategy:**

1. **Create Indexes:** Ensure indexes exist on all foreign key columns used in the joins:

    - `Booking.user_id`

    - `Booking.property_id`

    - `Payment.booking_id`

2. **Rerun Query:** Execute the same query, and the database will now use the new indexes.

**Hypothetical `EXPLAIN ANALYZE` Output (Optimized with Indexes):**

```
Sort  (cost=12.30..12.35 rows=12 width=156) (actual time=0.150..0.160 rows=10 loops=1)
    Sort Key: b.booking_id DESC
    ->  Nested Loop  (cost=0.00..12.00 rows=12 width=156) (actual time=0.080..0.120 rows=10 loops=1)
        ->  Nested Loop  (cost=0.00..10.00 rows=12 width=130) (actual time=0.060..0.090 rows=10 loops=1)
                ->  Nested Loop  (cost=0.00..8.00 rows=12 width=110) (actual time=0.040..0.070 rows=10 loops=1)
                    ->  Index Scan using idx_booking_user_id on Booking b  (cost=0.00..4.00 rows=12 width=60)
                    ->  Index Scan using idx_user_pkey on User u  (cost=0.00..3.00 rows=1 width=50)
                ->  Index Scan using idx_payment_booking_id on Payment pmt (cost=0.00..2.00 rows=1 width=20)
        ->  Index Scan using idx_property_pkey on Property p (cost=0.00..2.00 rows=1 width=26)
Planning time: 0.100 ms
Execution time: 0.200 ms

```

**Performance Improvement:**

- **Index Scans:** The new plan uses `Index Scan` on the relevant foreign key columns. This is a massive improvement over sequential scans.
 
- **Reduced Cost and Time:** The `actual time` and `cost` metrics are dramatically lower, demonstrating the significant performance gain.

- **Faster Joins:** The database can now perform a `Nested Loop` join, which is highly efficient when indexes are available on the join keys.

In conclusion, for this query, optimization is achieved not by changing the query structure, but by creating the necessary indexes to allow the database to execute the query much more efficiently.